2024-08-25 19:57:34,670 - INFO - Pipeline execution started.
2024-08-25 19:57:34,698 - INFO - Training started...
2024-08-25 19:57:34,698 - INFO - Training Parameters:
Number of epochs: 5000
Patience for Early stopping: 50
Loss function: MSELoss()
Optimizer: Adam (
Parameter Group 0
    amsgrad: False
    betas: (0.9, 0.999)
    capturable: False
    differentiable: False
    eps: 1e-08
    foreach: None
    fused: None
    lr: 0.001
    maximize: False
    weight_decay: 0
)
learning rate: 0.001
2024-08-25 19:57:34,820 - INFO - Epoch [1/5000], Train Loss: 75673.2754, Val Loss: 55261.9648
2024-08-25 19:57:34,858 - INFO - Epoch [2/5000], Train Loss: 67209.8301, Val Loss: 54699.8555
2024-08-25 19:57:34,882 - INFO - Epoch [3/5000], Train Loss: 51451.0645, Val Loss: 53974.8633
2024-08-25 19:57:34,906 - INFO - Epoch [4/5000], Train Loss: 54786.7793, Val Loss: 53065.6758
2024-08-25 19:57:34,942 - INFO - Epoch [5/5000], Train Loss: 69022.1816, Val Loss: 51944.0820
2024-08-25 19:57:34,967 - INFO - Epoch [6/5000], Train Loss: 55113.3223, Val Loss: 50586.7695
2024-08-25 19:57:34,996 - INFO - Epoch [7/5000], Train Loss: 52682.6660, Val Loss: 48969.8438
2024-08-25 19:57:35,026 - INFO - Epoch [8/5000], Train Loss: 52732.7656, Val Loss: 47065.1523
2024-08-25 19:57:35,059 - INFO - Epoch [9/5000], Train Loss: 56853.0742, Val Loss: 44848.0039
2024-08-25 19:57:35,100 - INFO - Epoch [10/5000], Train Loss: 52063.8008, Val Loss: 42309.6602
2024-08-25 19:57:35,123 - INFO - Epoch [11/5000], Train Loss: 50599.1328, Val Loss: 39447.4648
2024-08-25 19:57:35,159 - INFO - Epoch [12/5000], Train Loss: 50417.8965, Val Loss: 36271.7227
2024-08-25 19:57:35,191 - INFO - Epoch [13/5000], Train Loss: 42145.8477, Val Loss: 32812.0781
2024-08-25 19:57:35,217 - INFO - Epoch [14/5000], Train Loss: 40628.2539, Val Loss: 29102.7715
2024-08-25 19:57:35,250 - INFO - Epoch [15/5000], Train Loss: 26686.3345, Val Loss: 25255.4082
2024-08-25 19:57:35,281 - INFO - Epoch [16/5000], Train Loss: 32883.1328, Val Loss: 21401.2559
2024-08-25 19:57:35,314 - INFO - Epoch [17/5000], Train Loss: 23264.9922, Val Loss: 17639.0469
2024-08-25 19:57:35,346 - INFO - Epoch [18/5000], Train Loss: 16635.0098, Val Loss: 14189.3965
2024-08-25 19:57:35,373 - INFO - Epoch [19/5000], Train Loss: 15144.6221, Val Loss: 11250.8750
2024-08-25 19:57:35,414 - INFO - Epoch [20/5000], Train Loss: 12440.7212, Val Loss: 8982.0293
2024-08-25 19:57:35,505 - INFO - Epoch [21/5000], Train Loss: 8568.9297, Val Loss: 7550.9497
2024-08-25 19:57:35,539 - INFO - Epoch [22/5000], Train Loss: 8609.8398, Val Loss: 6992.4097
2024-08-25 19:57:35,585 - INFO - Epoch [23/5000], Train Loss: 8481.1118, Val Loss: 7162.8867
2024-08-25 19:57:35,629 - INFO - Epoch [24/5000], Train Loss: 6411.0740, Val Loss: 7768.2544
2024-08-25 19:57:35,649 - INFO - Epoch [25/5000], Train Loss: 6421.0522, Val Loss: 8403.7207
2024-08-25 19:57:35,671 - INFO - Epoch [26/5000], Train Loss: 6349.1667, Val Loss: 8600.9814
2024-08-25 19:57:35,700 - INFO - Epoch [27/5000], Train Loss: 5606.0277, Val Loss: 8256.9092
2024-08-25 19:57:35,720 - INFO - Epoch [28/5000], Train Loss: 7583.5962, Val Loss: 7542.0088
2024-08-25 19:57:35,732 - INFO - Epoch [29/5000], Train Loss: 6746.3049, Val Loss: 6586.0688
2024-08-25 19:57:35,767 - INFO - Epoch [30/5000], Train Loss: 5254.5583, Val Loss: 5585.9624
2024-08-25 19:57:35,796 - INFO - Epoch [31/5000], Train Loss: 4850.3818, Val Loss: 4788.5767
2024-08-25 19:57:35,828 - INFO - Epoch [32/5000], Train Loss: 4437.7366, Val Loss: 4233.9805
2024-08-25 19:57:35,856 - INFO - Epoch [33/5000], Train Loss: 3853.1487, Val Loss: 3877.6785
2024-08-25 19:57:35,879 - INFO - Epoch [34/5000], Train Loss: 3835.8479, Val Loss: 3662.4441
2024-08-25 19:57:35,899 - INFO - Epoch [35/5000], Train Loss: 4762.1824, Val Loss: 3494.4915
2024-08-25 19:57:35,925 - INFO - Epoch [36/5000], Train Loss: 3994.1764, Val Loss: 3304.8821
2024-08-25 19:57:35,945 - INFO - Epoch [37/5000], Train Loss: 3578.6903, Val Loss: 3085.8667
2024-08-25 19:57:35,976 - INFO - Epoch [38/5000], Train Loss: 3416.8229, Val Loss: 2846.0745
2024-08-25 19:57:36,031 - INFO - Epoch [39/5000], Train Loss: 2774.2123, Val Loss: 2601.2551
2024-08-25 19:57:36,060 - INFO - Epoch [40/5000], Train Loss: 2785.9084, Val Loss: 2372.2927
2024-08-25 19:57:36,084 - INFO - Epoch [41/5000], Train Loss: 2617.4436, Val Loss: 2160.0730
2024-08-25 19:57:36,109 - INFO - Epoch [42/5000], Train Loss: 2389.6483, Val Loss: 1974.9703
2024-08-25 19:57:36,128 - INFO - Epoch [43/5000], Train Loss: 2604.8446, Val Loss: 1810.8494
2024-08-25 19:57:36,157 - INFO - Epoch [44/5000], Train Loss: 2269.9763, Val Loss: 1661.0334
2024-08-25 19:57:36,181 - INFO - Epoch [45/5000], Train Loss: 1797.8346, Val Loss: 1523.4465
2024-08-25 19:57:36,207 - INFO - Epoch [46/5000], Train Loss: 1811.3964, Val Loss: 1391.3461
2024-08-25 19:57:36,233 - INFO - Epoch [47/5000], Train Loss: 1473.1322, Val Loss: 1262.3099
2024-08-25 19:57:36,259 - INFO - Epoch [48/5000], Train Loss: 1572.7060, Val Loss: 1135.0968
2024-08-25 19:57:36,282 - INFO - Epoch [49/5000], Train Loss: 1233.4904, Val Loss: 1015.5276
2024-08-25 19:57:36,308 - INFO - Epoch [50/5000], Train Loss: 1290.0054, Val Loss: 909.4025
2024-08-25 19:57:36,328 - INFO - Epoch [51/5000], Train Loss: 1205.6213, Val Loss: 817.3532
2024-08-25 19:57:36,350 - INFO - Epoch [52/5000], Train Loss: 909.7912, Val Loss: 740.6976
2024-08-25 19:57:36,375 - INFO - Epoch [53/5000], Train Loss: 895.1557, Val Loss: 681.6791
2024-08-25 19:57:36,396 - INFO - Epoch [54/5000], Train Loss: 1021.6203, Val Loss: 634.3090
2024-08-25 19:57:36,415 - INFO - Epoch [55/5000], Train Loss: 730.6150, Val Loss: 588.0699
2024-08-25 19:57:36,440 - INFO - Epoch [56/5000], Train Loss: 633.9517, Val Loss: 543.5153
2024-08-25 19:57:36,461 - INFO - Epoch [57/5000], Train Loss: 601.7013, Val Loss: 504.8614
2024-08-25 19:57:36,482 - INFO - Epoch [58/5000], Train Loss: 547.1828, Val Loss: 469.7560
2024-08-25 19:57:36,513 - INFO - Epoch [59/5000], Train Loss: 592.3857, Val Loss: 440.6765
2024-08-25 19:57:36,539 - INFO - Epoch [60/5000], Train Loss: 593.0737, Val Loss: 412.0613
2024-08-25 19:57:36,562 - INFO - Epoch [61/5000], Train Loss: 680.9128, Val Loss: 378.4815
2024-08-25 19:57:36,591 - INFO - Epoch [62/5000], Train Loss: 431.4177, Val Loss: 343.7611
2024-08-25 19:57:36,611 - INFO - Epoch [63/5000], Train Loss: 431.4273, Val Loss: 316.8590
2024-08-25 19:57:36,631 - INFO - Epoch [64/5000], Train Loss: 358.0952, Val Loss: 298.3222
2024-08-25 19:57:36,660 - INFO - Epoch [65/5000], Train Loss: 340.1046, Val Loss: 286.5661
2024-08-25 19:57:36,691 - INFO - Epoch [66/5000], Train Loss: 385.5188, Val Loss: 281.6762
2024-08-25 19:57:36,726 - INFO - Epoch [67/5000], Train Loss: 398.3694, Val Loss: 282.2107
2024-08-25 19:57:36,742 - INFO - Epoch [68/5000], Train Loss: 402.6483, Val Loss: 281.5619
2024-08-25 19:57:36,775 - INFO - Epoch [69/5000], Train Loss: 383.7756, Val Loss: 278.9261
2024-08-25 19:57:36,800 - INFO - Epoch [70/5000], Train Loss: 253.3022, Val Loss: 277.8992
2024-08-25 19:57:36,829 - INFO - Epoch [71/5000], Train Loss: 203.6790, Val Loss: 283.3414
2024-08-25 19:57:36,845 - INFO - Epoch [72/5000], Train Loss: 280.3660, Val Loss: 287.7501
2024-08-25 19:57:36,861 - INFO - Epoch [73/5000], Train Loss: 277.8150, Val Loss: 289.8305
2024-08-25 19:57:36,878 - INFO - Epoch [74/5000], Train Loss: 205.9904, Val Loss: 294.6845
2024-08-25 19:57:36,898 - INFO - Epoch [75/5000], Train Loss: 204.1757, Val Loss: 298.8406
2024-08-25 19:57:36,912 - INFO - Epoch [76/5000], Train Loss: 233.7224, Val Loss: 302.6960
2024-08-25 19:57:36,927 - INFO - Epoch [77/5000], Train Loss: 252.5782, Val Loss: 305.7206
2024-08-25 19:57:36,934 - INFO - Epoch [78/5000], Train Loss: 228.2313, Val Loss: 307.1131
2024-08-25 19:57:36,946 - INFO - Epoch [79/5000], Train Loss: 224.4569, Val Loss: 310.9304
2024-08-25 19:57:36,959 - INFO - Epoch [80/5000], Train Loss: 185.2177, Val Loss: 317.4743
2024-08-25 19:57:36,976 - INFO - Epoch [81/5000], Train Loss: 177.3195, Val Loss: 320.8101
2024-08-25 19:57:36,984 - INFO - Epoch [82/5000], Train Loss: 233.6551, Val Loss: 319.4351
2024-08-25 19:57:36,995 - INFO - Epoch [83/5000], Train Loss: 214.3736, Val Loss: 314.5942
2024-08-25 19:57:37,009 - INFO - Epoch [84/5000], Train Loss: 212.6394, Val Loss: 305.6543
2024-08-25 19:57:37,019 - INFO - Epoch [85/5000], Train Loss: 154.3332, Val Loss: 298.4868
2024-08-25 19:57:37,031 - INFO - Epoch [86/5000], Train Loss: 164.7304, Val Loss: 293.6236
2024-08-25 19:57:37,045 - INFO - Epoch [87/5000], Train Loss: 207.8731, Val Loss: 289.5178
2024-08-25 19:57:37,058 - INFO - Epoch [88/5000], Train Loss: 136.3651, Val Loss: 284.6799
2024-08-25 19:57:37,066 - INFO - Epoch [89/5000], Train Loss: 203.6990, Val Loss: 283.7206
2024-08-25 19:57:37,078 - INFO - Epoch [90/5000], Train Loss: 156.2144, Val Loss: 290.9739
2024-08-25 19:57:37,092 - INFO - Epoch [91/5000], Train Loss: 177.5709, Val Loss: 299.7861
2024-08-25 19:57:37,100 - INFO - Epoch [92/5000], Train Loss: 132.7804, Val Loss: 308.7109
2024-08-25 19:57:37,113 - INFO - Epoch [93/5000], Train Loss: 166.8363, Val Loss: 320.2327
2024-08-25 19:57:37,125 - INFO - Epoch [94/5000], Train Loss: 176.4451, Val Loss: 328.4719
2024-08-25 19:57:37,134 - INFO - Epoch [95/5000], Train Loss: 185.2497, Val Loss: 328.1440
2024-08-25 19:57:37,146 - INFO - Epoch [96/5000], Train Loss: 102.3461, Val Loss: 317.4439
2024-08-25 19:57:37,163 - INFO - Epoch [97/5000], Train Loss: 134.3836, Val Loss: 303.9529
2024-08-25 19:57:37,175 - INFO - Epoch [98/5000], Train Loss: 128.4547, Val Loss: 289.9005
2024-08-25 19:57:37,184 - INFO - Epoch [99/5000], Train Loss: 138.6666, Val Loss: 277.0264
2024-08-25 19:57:37,217 - INFO - Epoch [100/5000], Train Loss: 163.8918, Val Loss: 265.0000
2024-08-25 19:57:37,246 - INFO - Epoch [101/5000], Train Loss: 209.1136, Val Loss: 259.3134
2024-08-25 19:57:37,278 - INFO - Epoch [102/5000], Train Loss: 167.2459, Val Loss: 260.0902
2024-08-25 19:57:37,294 - INFO - Epoch [103/5000], Train Loss: 107.3315, Val Loss: 266.1879
2024-08-25 19:57:37,311 - INFO - Epoch [104/5000], Train Loss: 137.9488, Val Loss: 272.5496
2024-08-25 19:57:37,331 - INFO - Epoch [105/5000], Train Loss: 116.0492, Val Loss: 273.8496
2024-08-25 19:57:37,498 - INFO - Epoch [106/5000], Train Loss: 174.5834, Val Loss: 270.9090
2024-08-25 19:57:37,534 - INFO - Epoch [107/5000], Train Loss: 85.2347, Val Loss: 266.4206
2024-08-25 19:57:37,549 - INFO - Epoch [108/5000], Train Loss: 143.3636, Val Loss: 265.2518
2024-08-25 19:57:37,564 - INFO - Epoch [109/5000], Train Loss: 149.7945, Val Loss: 266.2602
2024-08-25 19:57:37,582 - INFO - Epoch [110/5000], Train Loss: 118.5063, Val Loss: 270.3549
2024-08-25 19:57:37,597 - INFO - Epoch [111/5000], Train Loss: 118.6199, Val Loss: 277.9963
2024-08-25 19:57:37,613 - INFO - Epoch [112/5000], Train Loss: 159.4490, Val Loss: 285.9798
2024-08-25 19:57:37,629 - INFO - Epoch [113/5000], Train Loss: 128.7660, Val Loss: 296.4855
2024-08-25 19:57:37,643 - INFO - Epoch [114/5000], Train Loss: 92.1117, Val Loss: 301.1488
2024-08-25 19:57:37,653 - INFO - Epoch [115/5000], Train Loss: 136.6804, Val Loss: 295.2411
2024-08-25 19:57:37,677 - INFO - Epoch [116/5000], Train Loss: 107.5647, Val Loss: 279.2463
2024-08-25 19:57:37,694 - INFO - Epoch [117/5000], Train Loss: 132.3585, Val Loss: 264.3941
2024-08-25 19:57:37,710 - INFO - Epoch [118/5000], Train Loss: 150.1778, Val Loss: 254.8352
2024-08-25 19:57:37,741 - INFO - Epoch [119/5000], Train Loss: 122.8598, Val Loss: 249.6108
2024-08-25 19:57:37,766 - INFO - Epoch [120/5000], Train Loss: 113.3658, Val Loss: 250.0067
2024-08-25 19:57:37,776 - INFO - Epoch [121/5000], Train Loss: 116.8934, Val Loss: 254.8849
2024-08-25 19:57:37,784 - INFO - Epoch [122/5000], Train Loss: 96.3745, Val Loss: 257.8360
2024-08-25 19:57:37,797 - INFO - Epoch [123/5000], Train Loss: 126.3246, Val Loss: 261.9996
2024-08-25 19:57:37,813 - INFO - Epoch [124/5000], Train Loss: 105.1437, Val Loss: 271.2862
2024-08-25 19:57:37,824 - INFO - Epoch [125/5000], Train Loss: 98.2700, Val Loss: 279.0268
2024-08-25 19:57:37,831 - INFO - Epoch [126/5000], Train Loss: 103.4403, Val Loss: 281.0938
2024-08-25 19:57:37,844 - INFO - Epoch [127/5000], Train Loss: 131.0781, Val Loss: 277.0008
2024-08-25 19:57:37,850 - INFO - Epoch [128/5000], Train Loss: 92.8341, Val Loss: 269.0378
2024-08-25 19:57:37,861 - INFO - Epoch [129/5000], Train Loss: 103.1362, Val Loss: 259.0590
2024-08-25 19:57:37,872 - INFO - Epoch [130/5000], Train Loss: 82.2809, Val Loss: 250.0407
2024-08-25 19:57:37,886 - INFO - Epoch [131/5000], Train Loss: 98.9793, Val Loss: 246.6145
2024-08-25 19:57:37,912 - INFO - Epoch [132/5000], Train Loss: 91.2460, Val Loss: 245.9527
2024-08-25 19:57:37,931 - INFO - Epoch [133/5000], Train Loss: 94.4395, Val Loss: 246.5970
2024-08-25 19:57:37,942 - INFO - Epoch [134/5000], Train Loss: 108.8193, Val Loss: 247.1578
2024-08-25 19:57:37,952 - INFO - Epoch [135/5000], Train Loss: 78.6293, Val Loss: 250.5949
2024-08-25 19:57:37,963 - INFO - Epoch [136/5000], Train Loss: 79.6016, Val Loss: 253.8206
2024-08-25 19:57:37,975 - INFO - Epoch [137/5000], Train Loss: 71.5603, Val Loss: 259.7431
2024-08-25 19:57:37,982 - INFO - Epoch [138/5000], Train Loss: 133.5207, Val Loss: 264.7002
2024-08-25 19:57:37,995 - INFO - Epoch [139/5000], Train Loss: 90.8597, Val Loss: 262.2053
2024-08-25 19:57:38,009 - INFO - Epoch [140/5000], Train Loss: 76.6419, Val Loss: 257.6907
2024-08-25 19:57:38,018 - INFO - Epoch [141/5000], Train Loss: 75.9836, Val Loss: 255.1171
2024-08-25 19:57:38,030 - INFO - Epoch [142/5000], Train Loss: 88.2246, Val Loss: 251.0633
2024-08-25 19:57:38,042 - INFO - Epoch [143/5000], Train Loss: 122.2509, Val Loss: 248.1918
2024-08-25 19:57:38,050 - INFO - Epoch [144/5000], Train Loss: 104.6903, Val Loss: 246.4008
2024-08-25 19:57:38,062 - INFO - Epoch [145/5000], Train Loss: 100.5053, Val Loss: 244.8747
2024-08-25 19:57:38,092 - INFO - Epoch [146/5000], Train Loss: 91.7060, Val Loss: 246.0388
2024-08-25 19:57:38,101 - INFO - Epoch [147/5000], Train Loss: 75.9309, Val Loss: 247.0447
2024-08-25 19:57:38,112 - INFO - Epoch [148/5000], Train Loss: 72.2925, Val Loss: 243.5815
2024-08-25 19:57:38,139 - INFO - Epoch [149/5000], Train Loss: 89.4993, Val Loss: 241.7865
2024-08-25 19:57:38,161 - INFO - Epoch [150/5000], Train Loss: 91.2135, Val Loss: 243.1108
2024-08-25 19:57:38,177 - INFO - Epoch [151/5000], Train Loss: 62.4846, Val Loss: 241.9539
2024-08-25 19:57:38,183 - INFO - Epoch [152/5000], Train Loss: 56.9899, Val Loss: 241.9519
2024-08-25 19:57:38,197 - INFO - Epoch [153/5000], Train Loss: 82.7792, Val Loss: 240.2412
2024-08-25 19:57:38,216 - INFO - Epoch [154/5000], Train Loss: 67.9192, Val Loss: 236.3173
2024-08-25 19:57:38,247 - INFO - Epoch [155/5000], Train Loss: 78.9005, Val Loss: 234.0755
2024-08-25 19:57:38,276 - INFO - Epoch [156/5000], Train Loss: 87.3591, Val Loss: 233.7526
2024-08-25 19:57:38,300 - INFO - Epoch [157/5000], Train Loss: 69.1244, Val Loss: 234.8047
2024-08-25 19:57:38,311 - INFO - Epoch [158/5000], Train Loss: 62.0901, Val Loss: 242.3368
2024-08-25 19:57:38,324 - INFO - Epoch [159/5000], Train Loss: 54.3007, Val Loss: 252.4444
2024-08-25 19:57:38,331 - INFO - Epoch [160/5000], Train Loss: 68.7066, Val Loss: 261.4091
2024-08-25 19:57:38,346 - INFO - Epoch [161/5000], Train Loss: 69.8825, Val Loss: 266.0770
2024-08-25 19:57:38,356 - INFO - Epoch [162/5000], Train Loss: 69.1327, Val Loss: 260.9169
2024-08-25 19:57:38,363 - INFO - Epoch [163/5000], Train Loss: 55.6014, Val Loss: 249.8243
2024-08-25 19:57:38,378 - INFO - Epoch [164/5000], Train Loss: 74.7050, Val Loss: 240.1920
2024-08-25 19:57:38,389 - INFO - Epoch [165/5000], Train Loss: 89.2452, Val Loss: 236.6207
2024-08-25 19:57:38,397 - INFO - Epoch [166/5000], Train Loss: 45.9195, Val Loss: 235.7998
2024-08-25 19:57:38,409 - INFO - Epoch [167/5000], Train Loss: 74.2426, Val Loss: 237.0970
2024-08-25 19:57:38,418 - INFO - Epoch [168/5000], Train Loss: 78.7398, Val Loss: 240.1996
2024-08-25 19:57:38,429 - INFO - Epoch [169/5000], Train Loss: 50.5843, Val Loss: 244.3475
2024-08-25 19:57:38,443 - INFO - Epoch [170/5000], Train Loss: 64.5742, Val Loss: 246.9281
2024-08-25 19:57:38,453 - INFO - Epoch [171/5000], Train Loss: 68.7011, Val Loss: 249.9539
2024-08-25 19:57:38,463 - INFO - Epoch [172/5000], Train Loss: 61.4077, Val Loss: 250.0873
2024-08-25 19:57:38,476 - INFO - Epoch [173/5000], Train Loss: 51.9794, Val Loss: 243.4637
2024-08-25 19:57:38,486 - INFO - Epoch [174/5000], Train Loss: 55.8576, Val Loss: 234.0512
2024-08-25 19:57:38,496 - INFO - Epoch [175/5000], Train Loss: 68.4924, Val Loss: 229.0455
2024-08-25 19:57:38,520 - INFO - Epoch [176/5000], Train Loss: 75.7314, Val Loss: 228.5007
2024-08-25 19:57:38,545 - INFO - Epoch [177/5000], Train Loss: 72.0205, Val Loss: 223.7263
2024-08-25 19:57:38,567 - INFO - Epoch [178/5000], Train Loss: 61.8491, Val Loss: 219.2523
2024-08-25 19:57:38,591 - INFO - Epoch [179/5000], Train Loss: 66.8804, Val Loss: 220.4270
2024-08-25 19:57:38,597 - INFO - Epoch [180/5000], Train Loss: 70.2275, Val Loss: 228.2016
2024-08-25 19:57:38,608 - INFO - Epoch [181/5000], Train Loss: 85.9872, Val Loss: 240.8462
2024-08-25 19:57:38,615 - INFO - Epoch [182/5000], Train Loss: 90.3815, Val Loss: 251.7212
2024-08-25 19:57:38,627 - INFO - Epoch [183/5000], Train Loss: 69.3686, Val Loss: 251.9728
2024-08-25 19:57:38,637 - INFO - Epoch [184/5000], Train Loss: 85.8799, Val Loss: 241.3858
2024-08-25 19:57:38,646 - INFO - Epoch [185/5000], Train Loss: 71.0787, Val Loss: 226.8958
2024-08-25 19:57:38,658 - INFO - Epoch [186/5000], Train Loss: 66.0219, Val Loss: 216.2728
2024-08-25 19:57:38,679 - INFO - Epoch [187/5000], Train Loss: 52.1262, Val Loss: 209.6275
2024-08-25 19:57:38,702 - INFO - Epoch [188/5000], Train Loss: 46.5439, Val Loss: 204.7738
2024-08-25 19:57:38,730 - INFO - Epoch [189/5000], Train Loss: 49.4746, Val Loss: 204.6929
2024-08-25 19:57:38,758 - INFO - Epoch [190/5000], Train Loss: 54.4119, Val Loss: 208.6902
2024-08-25 19:57:38,764 - INFO - Epoch [191/5000], Train Loss: 78.0602, Val Loss: 215.0689
2024-08-25 19:57:38,776 - INFO - Epoch [192/5000], Train Loss: 40.6832, Val Loss: 224.6276
2024-08-25 19:57:38,781 - INFO - Epoch [193/5000], Train Loss: 49.3169, Val Loss: 233.9395
2024-08-25 19:57:38,793 - INFO - Epoch [194/5000], Train Loss: 55.4764, Val Loss: 235.8460
2024-08-25 19:57:38,800 - INFO - Epoch [195/5000], Train Loss: 52.5073, Val Loss: 228.2785
2024-08-25 19:57:38,813 - INFO - Epoch [196/5000], Train Loss: 73.2034, Val Loss: 218.0333
2024-08-25 19:57:38,825 - INFO - Epoch [197/5000], Train Loss: 46.2102, Val Loss: 209.0321
2024-08-25 19:57:38,832 - INFO - Epoch [198/5000], Train Loss: 71.9431, Val Loss: 205.8771
2024-08-25 19:57:38,847 - INFO - Epoch [199/5000], Train Loss: 42.1384, Val Loss: 209.2116
2024-08-25 19:57:38,859 - INFO - Epoch [200/5000], Train Loss: 38.5948, Val Loss: 215.0077
2024-08-25 19:57:38,870 - INFO - Epoch [201/5000], Train Loss: 74.6251, Val Loss: 219.6432
2024-08-25 19:57:38,881 - INFO - Epoch [202/5000], Train Loss: 66.5699, Val Loss: 218.3142
2024-08-25 19:57:38,896 - INFO - Epoch [203/5000], Train Loss: 53.5381, Val Loss: 217.0301
2024-08-25 19:57:38,907 - INFO - Epoch [204/5000], Train Loss: 55.6929, Val Loss: 218.4950
2024-08-25 19:57:38,915 - INFO - Epoch [205/5000], Train Loss: 52.9940, Val Loss: 223.6142
2024-08-25 19:57:38,927 - INFO - Epoch [206/5000], Train Loss: 38.1682, Val Loss: 228.8566
2024-08-25 19:57:38,939 - INFO - Epoch [207/5000], Train Loss: 77.1893, Val Loss: 231.3894
2024-08-25 19:57:38,947 - INFO - Epoch [208/5000], Train Loss: 49.5184, Val Loss: 229.8694
2024-08-25 19:57:38,958 - INFO - Epoch [209/5000], Train Loss: 53.7396, Val Loss: 226.9030
2024-08-25 19:57:38,965 - INFO - Epoch [210/5000], Train Loss: 48.8236, Val Loss: 220.8521
2024-08-25 19:57:38,978 - INFO - Epoch [211/5000], Train Loss: 42.8948, Val Loss: 215.1008
2024-08-25 19:57:38,989 - INFO - Epoch [212/5000], Train Loss: 53.4275, Val Loss: 211.4435
2024-08-25 19:57:38,997 - INFO - Epoch [213/5000], Train Loss: 41.3434, Val Loss: 211.0680
2024-08-25 19:57:39,010 - INFO - Epoch [214/5000], Train Loss: 62.6750, Val Loss: 213.2377
2024-08-25 19:57:39,020 - INFO - Epoch [215/5000], Train Loss: 40.1453, Val Loss: 218.9039
2024-08-25 19:57:39,030 - INFO - Epoch [216/5000], Train Loss: 57.3783, Val Loss: 227.0849
2024-08-25 19:57:39,042 - INFO - Epoch [217/5000], Train Loss: 56.3764, Val Loss: 238.1103
2024-08-25 19:57:39,051 - INFO - Epoch [218/5000], Train Loss: 39.6041, Val Loss: 245.7363
2024-08-25 19:57:39,063 - INFO - Epoch [219/5000], Train Loss: 41.9534, Val Loss: 243.1024
2024-08-25 19:57:39,076 - INFO - Epoch [220/5000], Train Loss: 48.3375, Val Loss: 232.1048
2024-08-25 19:57:39,084 - INFO - Epoch [221/5000], Train Loss: 36.7455, Val Loss: 216.9152
2024-08-25 19:57:39,095 - INFO - Epoch [222/5000], Train Loss: 49.8320, Val Loss: 202.7742
2024-08-25 19:57:39,120 - INFO - Epoch [223/5000], Train Loss: 64.8137, Val Loss: 197.5013
2024-08-25 19:57:39,144 - INFO - Epoch [224/5000], Train Loss: 79.6345, Val Loss: 204.4170
2024-08-25 19:57:39,156 - INFO - Epoch [225/5000], Train Loss: 44.0615, Val Loss: 216.6294
2024-08-25 19:57:39,164 - INFO - Epoch [226/5000], Train Loss: 56.1267, Val Loss: 226.5464
2024-08-25 19:57:39,176 - INFO - Epoch [227/5000], Train Loss: 42.7865, Val Loss: 232.1944
2024-08-25 19:57:39,184 - INFO - Epoch [228/5000], Train Loss: 54.3800, Val Loss: 235.4866
2024-08-25 19:57:39,196 - INFO - Epoch [229/5000], Train Loss: 36.9160, Val Loss: 235.8437
2024-08-25 19:57:39,208 - INFO - Epoch [230/5000], Train Loss: 32.0545, Val Loss: 229.7363
2024-08-25 19:57:39,215 - INFO - Epoch [231/5000], Train Loss: 41.6586, Val Loss: 221.5325
2024-08-25 19:57:39,228 - INFO - Epoch [232/5000], Train Loss: 31.1293, Val Loss: 215.1591
2024-08-25 19:57:39,242 - INFO - Epoch [233/5000], Train Loss: 32.9081, Val Loss: 211.3681
2024-08-25 19:57:39,248 - INFO - Epoch [234/5000], Train Loss: 33.0885, Val Loss: 208.4571
2024-08-25 19:57:39,260 - INFO - Epoch [235/5000], Train Loss: 37.6990, Val Loss: 206.4975
2024-08-25 19:57:39,270 - INFO - Epoch [236/5000], Train Loss: 54.2181, Val Loss: 206.7915
2024-08-25 19:57:39,281 - INFO - Epoch [237/5000], Train Loss: 34.8236, Val Loss: 207.1128
2024-08-25 19:57:39,293 - INFO - Epoch [238/5000], Train Loss: 36.4441, Val Loss: 207.6923
2024-08-25 19:57:39,303 - INFO - Epoch [239/5000], Train Loss: 31.3039, Val Loss: 209.6747
2024-08-25 19:57:39,314 - INFO - Epoch [240/5000], Train Loss: 39.8609, Val Loss: 213.6227
2024-08-25 19:57:39,326 - INFO - Epoch [241/5000], Train Loss: 45.6504, Val Loss: 220.2639
2024-08-25 19:57:39,334 - INFO - Epoch [242/5000], Train Loss: 32.8777, Val Loss: 224.6024
2024-08-25 19:57:39,346 - INFO - Epoch [243/5000], Train Loss: 49.1146, Val Loss: 225.2841
2024-08-25 19:57:39,359 - INFO - Epoch [244/5000], Train Loss: 50.8607, Val Loss: 224.8315
2024-08-25 19:57:39,369 - INFO - Epoch [245/5000], Train Loss: 37.9606, Val Loss: 219.3736
2024-08-25 19:57:39,380 - INFO - Epoch [246/5000], Train Loss: 45.2450, Val Loss: 211.7989
2024-08-25 19:57:39,393 - INFO - Epoch [247/5000], Train Loss: 39.3629, Val Loss: 205.2877
2024-08-25 19:57:39,401 - INFO - Epoch [248/5000], Train Loss: 43.6885, Val Loss: 204.3660
2024-08-25 19:57:39,412 - INFO - Epoch [249/5000], Train Loss: 40.9698, Val Loss: 207.7464
2024-08-25 19:57:39,423 - INFO - Epoch [250/5000], Train Loss: 30.7571, Val Loss: 213.5690
2024-08-25 19:57:39,432 - INFO - Epoch [251/5000], Train Loss: 38.8815, Val Loss: 221.9693
2024-08-25 19:57:39,444 - INFO - Epoch [252/5000], Train Loss: 33.9887, Val Loss: 228.5570
2024-08-25 19:57:39,454 - INFO - Epoch [253/5000], Train Loss: 65.2724, Val Loss: 226.6100
2024-08-25 19:57:39,464 - INFO - Epoch [254/5000], Train Loss: 41.7312, Val Loss: 222.3727
2024-08-25 19:57:39,476 - INFO - Epoch [255/5000], Train Loss: 39.5662, Val Loss: 218.2978
2024-08-25 19:57:39,487 - INFO - Epoch [256/5000], Train Loss: 46.0682, Val Loss: 210.9330
2024-08-25 19:57:39,497 - INFO - Epoch [257/5000], Train Loss: 38.9309, Val Loss: 202.4995
2024-08-25 19:57:39,510 - INFO - Epoch [258/5000], Train Loss: 33.7832, Val Loss: 194.5470
2024-08-25 19:57:39,534 - INFO - Epoch [259/5000], Train Loss: 31.3434, Val Loss: 191.0691
2024-08-25 19:57:39,559 - INFO - Epoch [260/5000], Train Loss: 28.5616, Val Loss: 193.4840
2024-08-25 19:57:39,567 - INFO - Epoch [261/5000], Train Loss: 37.4464, Val Loss: 196.7588
2024-08-25 19:57:39,579 - INFO - Epoch [262/5000], Train Loss: 40.4899, Val Loss: 196.4476
2024-08-25 19:57:39,590 - INFO - Epoch [263/5000], Train Loss: 44.4696, Val Loss: 196.8051
2024-08-25 19:57:39,597 - INFO - Epoch [264/5000], Train Loss: 49.5654, Val Loss: 202.9195
2024-08-25 19:57:39,775 - INFO - Epoch [265/5000], Train Loss: 43.9242, Val Loss: 208.1940
2024-08-25 19:57:39,781 - INFO - Epoch [266/5000], Train Loss: 32.9924, Val Loss: 210.7646
2024-08-25 19:57:39,795 - INFO - Epoch [267/5000], Train Loss: 40.9948, Val Loss: 213.3239
2024-08-25 19:57:39,807 - INFO - Epoch [268/5000], Train Loss: 40.1917, Val Loss: 214.0175
2024-08-25 19:57:39,813 - INFO - Epoch [269/5000], Train Loss: 27.1969, Val Loss: 206.5945
2024-08-25 19:57:39,825 - INFO - Epoch [270/5000], Train Loss: 43.1627, Val Loss: 200.3009
2024-08-25 19:57:39,830 - INFO - Epoch [271/5000], Train Loss: 26.8659, Val Loss: 199.9408
2024-08-25 19:57:39,842 - INFO - Epoch [272/5000], Train Loss: 26.9558, Val Loss: 198.7345
2024-08-25 19:57:39,848 - INFO - Epoch [273/5000], Train Loss: 25.7160, Val Loss: 196.6684
2024-08-25 19:57:39,861 - INFO - Epoch [274/5000], Train Loss: 40.4119, Val Loss: 197.5660
2024-08-25 19:57:39,868 - INFO - Epoch [275/5000], Train Loss: 35.0677, Val Loss: 201.6752
2024-08-25 19:57:39,880 - INFO - Epoch [276/5000], Train Loss: 25.5049, Val Loss: 205.3609
2024-08-25 19:57:39,894 - INFO - Epoch [277/5000], Train Loss: 53.8470, Val Loss: 208.1836
2024-08-25 19:57:39,907 - INFO - Epoch [278/5000], Train Loss: 27.4969, Val Loss: 208.4161
2024-08-25 19:57:39,913 - INFO - Epoch [279/5000], Train Loss: 39.1933, Val Loss: 204.2021
2024-08-25 19:57:39,925 - INFO - Epoch [280/5000], Train Loss: 34.8883, Val Loss: 199.5760
2024-08-25 19:57:39,931 - INFO - Epoch [281/5000], Train Loss: 26.7086, Val Loss: 200.7164
2024-08-25 19:57:39,943 - INFO - Epoch [282/5000], Train Loss: 45.1618, Val Loss: 205.7406
2024-08-25 19:57:39,952 - INFO - Epoch [283/5000], Train Loss: 31.0062, Val Loss: 211.7939
2024-08-25 19:57:39,964 - INFO - Epoch [284/5000], Train Loss: 24.3828, Val Loss: 215.9401
2024-08-25 19:57:39,977 - INFO - Epoch [285/5000], Train Loss: 27.5251, Val Loss: 214.1898
2024-08-25 19:57:39,990 - INFO - Epoch [286/5000], Train Loss: 23.8355, Val Loss: 207.6310
2024-08-25 19:57:39,996 - INFO - Epoch [287/5000], Train Loss: 40.4279, Val Loss: 200.1377
2024-08-25 19:57:40,010 - INFO - Epoch [288/5000], Train Loss: 29.6559, Val Loss: 195.4013
2024-08-25 19:57:40,018 - INFO - Epoch [289/5000], Train Loss: 34.0541, Val Loss: 194.0797
2024-08-25 19:57:40,029 - INFO - Epoch [290/5000], Train Loss: 33.0407, Val Loss: 192.6582
2024-08-25 19:57:40,041 - INFO - Epoch [291/5000], Train Loss: 34.1807, Val Loss: 191.7795
2024-08-25 19:57:40,048 - INFO - Epoch [292/5000], Train Loss: 33.6794, Val Loss: 191.7709
2024-08-25 19:57:40,061 - INFO - Epoch [293/5000], Train Loss: 37.3946, Val Loss: 191.1140
2024-08-25 19:57:40,067 - INFO - Epoch [294/5000], Train Loss: 30.7253, Val Loss: 191.2088
2024-08-25 19:57:40,078 - INFO - Epoch [295/5000], Train Loss: 26.4743, Val Loss: 191.1238
2024-08-25 19:57:40,091 - INFO - Epoch [296/5000], Train Loss: 26.3722, Val Loss: 190.9654
2024-08-25 19:57:40,116 - INFO - Epoch [297/5000], Train Loss: 28.4079, Val Loss: 190.9052
2024-08-25 19:57:40,141 - INFO - Epoch [298/5000], Train Loss: 36.2950, Val Loss: 193.1300
2024-08-25 19:57:40,148 - INFO - Epoch [299/5000], Train Loss: 37.2315, Val Loss: 194.1916
2024-08-25 19:57:40,160 - INFO - Epoch [300/5000], Train Loss: 35.8481, Val Loss: 196.8707
2024-08-25 19:57:40,173 - INFO - Epoch [301/5000], Train Loss: 22.1348, Val Loss: 203.8724
2024-08-25 19:57:40,180 - INFO - Epoch [302/5000], Train Loss: 34.5139, Val Loss: 208.3081
2024-08-25 19:57:40,192 - INFO - Epoch [303/5000], Train Loss: 27.2553, Val Loss: 204.7706
2024-08-25 19:57:40,201 - INFO - Epoch [304/5000], Train Loss: 21.9692, Val Loss: 197.3622
2024-08-25 19:57:40,212 - INFO - Epoch [305/5000], Train Loss: 35.7284, Val Loss: 192.1703
2024-08-25 19:57:40,225 - INFO - Epoch [306/5000], Train Loss: 41.9291, Val Loss: 190.8519
2024-08-25 19:57:40,248 - INFO - Epoch [307/5000], Train Loss: 28.0669, Val Loss: 193.1620
2024-08-25 19:57:40,260 - INFO - Epoch [308/5000], Train Loss: 34.4617, Val Loss: 196.7062
2024-08-25 19:57:40,272 - INFO - Epoch [309/5000], Train Loss: 25.7815, Val Loss: 201.4489
2024-08-25 19:57:40,280 - INFO - Epoch [310/5000], Train Loss: 29.7650, Val Loss: 202.2550
2024-08-25 19:57:40,294 - INFO - Epoch [311/5000], Train Loss: 21.2488, Val Loss: 202.0954
2024-08-25 19:57:40,306 - INFO - Epoch [312/5000], Train Loss: 33.5325, Val Loss: 196.7487
2024-08-25 19:57:40,313 - INFO - Epoch [313/5000], Train Loss: 21.8379, Val Loss: 188.2899
2024-08-25 19:57:40,341 - INFO - Epoch [314/5000], Train Loss: 29.5751, Val Loss: 182.1229
2024-08-25 19:57:40,365 - INFO - Epoch [315/5000], Train Loss: 38.6856, Val Loss: 178.9906
2024-08-25 19:57:40,392 - INFO - Epoch [316/5000], Train Loss: 25.2612, Val Loss: 184.6811
2024-08-25 19:57:40,399 - INFO - Epoch [317/5000], Train Loss: 37.5575, Val Loss: 197.0488
2024-08-25 19:57:40,412 - INFO - Epoch [318/5000], Train Loss: 22.0574, Val Loss: 214.5245
2024-08-25 19:57:40,425 - INFO - Epoch [319/5000], Train Loss: 37.1725, Val Loss: 222.4386
2024-08-25 19:57:40,431 - INFO - Epoch [320/5000], Train Loss: 23.5237, Val Loss: 215.1236
2024-08-25 19:57:40,444 - INFO - Epoch [321/5000], Train Loss: 20.7762, Val Loss: 203.1781
2024-08-25 19:57:40,457 - INFO - Epoch [322/5000], Train Loss: 20.9824, Val Loss: 193.4216
2024-08-25 19:57:40,464 - INFO - Epoch [323/5000], Train Loss: 27.5199, Val Loss: 188.6483
2024-08-25 19:57:40,477 - INFO - Epoch [324/5000], Train Loss: 29.4975, Val Loss: 189.0584
2024-08-25 19:57:40,487 - INFO - Epoch [325/5000], Train Loss: 19.5530, Val Loss: 190.2624
2024-08-25 19:57:40,496 - INFO - Epoch [326/5000], Train Loss: 21.6192, Val Loss: 192.2144
2024-08-25 19:57:40,509 - INFO - Epoch [327/5000], Train Loss: 25.1305, Val Loss: 193.7744
2024-08-25 19:57:40,518 - INFO - Epoch [328/5000], Train Loss: 21.1624, Val Loss: 198.7074
2024-08-25 19:57:40,531 - INFO - Epoch [329/5000], Train Loss: 24.6698, Val Loss: 204.6704
2024-08-25 19:57:40,543 - INFO - Epoch [330/5000], Train Loss: 31.2949, Val Loss: 208.3255
2024-08-25 19:57:40,551 - INFO - Epoch [331/5000], Train Loss: 23.4512, Val Loss: 208.2054
2024-08-25 19:57:40,563 - INFO - Epoch [332/5000], Train Loss: 23.3662, Val Loss: 204.6575
2024-08-25 19:57:40,577 - INFO - Epoch [333/5000], Train Loss: 26.9418, Val Loss: 196.1180
2024-08-25 19:57:40,584 - INFO - Epoch [334/5000], Train Loss: 21.3195, Val Loss: 186.7256
2024-08-25 19:57:40,596 - INFO - Epoch [335/5000], Train Loss: 31.7280, Val Loss: 180.8728
2024-08-25 19:57:40,609 - INFO - Epoch [336/5000], Train Loss: 19.9707, Val Loss: 180.6565
2024-08-25 19:57:40,615 - INFO - Epoch [337/5000], Train Loss: 19.2934, Val Loss: 183.5005
2024-08-25 19:57:40,628 - INFO - Epoch [338/5000], Train Loss: 26.5579, Val Loss: 188.7214
2024-08-25 19:57:40,642 - INFO - Epoch [339/5000], Train Loss: 26.3821, Val Loss: 192.4447
2024-08-25 19:57:40,648 - INFO - Epoch [340/5000], Train Loss: 20.1450, Val Loss: 193.4724
2024-08-25 19:57:40,662 - INFO - Epoch [341/5000], Train Loss: 28.2412, Val Loss: 195.3135
2024-08-25 19:57:40,676 - INFO - Epoch [342/5000], Train Loss: 28.8220, Val Loss: 199.6020
2024-08-25 19:57:40,692 - INFO - Epoch [343/5000], Train Loss: 21.1308, Val Loss: 198.8779
2024-08-25 19:57:40,708 - INFO - Epoch [344/5000], Train Loss: 22.8338, Val Loss: 195.5424
2024-08-25 19:57:40,714 - INFO - Epoch [345/5000], Train Loss: 29.6209, Val Loss: 194.2321
2024-08-25 19:57:40,728 - INFO - Epoch [346/5000], Train Loss: 17.5836, Val Loss: 190.7897
2024-08-25 19:57:40,743 - INFO - Epoch [347/5000], Train Loss: 21.8240, Val Loss: 185.4337
2024-08-25 19:57:40,757 - INFO - Epoch [348/5000], Train Loss: 22.9457, Val Loss: 179.0143
2024-08-25 19:57:40,767 - INFO - Epoch [349/5000], Train Loss: 20.0087, Val Loss: 176.0220
2024-08-25 19:57:40,808 - INFO - Epoch [350/5000], Train Loss: 19.9920, Val Loss: 178.6809
2024-08-25 19:57:40,822 - INFO - Epoch [351/5000], Train Loss: 28.9840, Val Loss: 183.7892
2024-08-25 19:57:40,828 - INFO - Epoch [352/5000], Train Loss: 23.3469, Val Loss: 189.6579
2024-08-25 19:57:40,840 - INFO - Epoch [353/5000], Train Loss: 16.8957, Val Loss: 193.1437
2024-08-25 19:57:40,847 - INFO - Epoch [354/5000], Train Loss: 21.9781, Val Loss: 191.9223
2024-08-25 19:57:40,859 - INFO - Epoch [355/5000], Train Loss: 29.8937, Val Loss: 186.9034
2024-08-25 19:57:40,870 - INFO - Epoch [356/5000], Train Loss: 21.4780, Val Loss: 184.6570
2024-08-25 19:57:40,880 - INFO - Epoch [357/5000], Train Loss: 16.0400, Val Loss: 185.8537
2024-08-25 19:57:40,893 - INFO - Epoch [358/5000], Train Loss: 25.5045, Val Loss: 186.3751
2024-08-25 19:57:40,906 - INFO - Epoch [359/5000], Train Loss: 17.7274, Val Loss: 185.4273
2024-08-25 19:57:40,913 - INFO - Epoch [360/5000], Train Loss: 25.9895, Val Loss: 183.4154
2024-08-25 19:57:40,926 - INFO - Epoch [361/5000], Train Loss: 24.0277, Val Loss: 180.0224
2024-08-25 19:57:40,941 - INFO - Epoch [362/5000], Train Loss: 25.2938, Val Loss: 179.2785
2024-08-25 19:57:40,947 - INFO - Epoch [363/5000], Train Loss: 17.4224, Val Loss: 181.8908
2024-08-25 19:57:40,960 - INFO - Epoch [364/5000], Train Loss: 28.4215, Val Loss: 184.9168
2024-08-25 19:57:40,969 - INFO - Epoch [365/5000], Train Loss: 21.3202, Val Loss: 187.9717
2024-08-25 19:57:40,980 - INFO - Epoch [366/5000], Train Loss: 20.9280, Val Loss: 194.5471
2024-08-25 19:57:40,994 - INFO - Epoch [367/5000], Train Loss: 26.0238, Val Loss: 197.0055
2024-08-25 19:57:41,008 - INFO - Epoch [368/5000], Train Loss: 29.9162, Val Loss: 188.5724
2024-08-25 19:57:41,014 - INFO - Epoch [369/5000], Train Loss: 25.5875, Val Loss: 178.2426
2024-08-25 19:57:41,027 - INFO - Epoch [370/5000], Train Loss: 24.4411, Val Loss: 174.8233
2024-08-25 19:57:41,057 - INFO - Epoch [371/5000], Train Loss: 26.0803, Val Loss: 177.2516
2024-08-25 19:57:41,063 - INFO - Epoch [372/5000], Train Loss: 18.6528, Val Loss: 184.4539
2024-08-25 19:57:41,076 - INFO - Epoch [373/5000], Train Loss: 22.3716, Val Loss: 193.3565
2024-08-25 19:57:41,086 - INFO - Epoch [374/5000], Train Loss: 19.0036, Val Loss: 199.5915
2024-08-25 19:57:41,097 - INFO - Epoch [375/5000], Train Loss: 22.6405, Val Loss: 200.0636
2024-08-25 19:57:41,111 - INFO - Epoch [376/5000], Train Loss: 18.1478, Val Loss: 198.6195
2024-08-25 19:57:41,125 - INFO - Epoch [377/5000], Train Loss: 15.9946, Val Loss: 192.4978
2024-08-25 19:57:41,134 - INFO - Epoch [378/5000], Train Loss: 17.0075, Val Loss: 184.4120
2024-08-25 19:57:41,146 - INFO - Epoch [379/5000], Train Loss: 16.1303, Val Loss: 179.1117
2024-08-25 19:57:41,160 - INFO - Epoch [380/5000], Train Loss: 31.3925, Val Loss: 179.1437
2024-08-25 19:57:41,173 - INFO - Epoch [381/5000], Train Loss: 22.3068, Val Loss: 182.7828
2024-08-25 19:57:41,182 - INFO - Epoch [382/5000], Train Loss: 21.7298, Val Loss: 189.9764
2024-08-25 19:57:41,196 - INFO - Epoch [383/5000], Train Loss: 22.9980, Val Loss: 197.6691
2024-08-25 19:57:41,210 - INFO - Epoch [384/5000], Train Loss: 17.7509, Val Loss: 198.6497
2024-08-25 19:57:41,223 - INFO - Epoch [385/5000], Train Loss: 27.7375, Val Loss: 195.1337
2024-08-25 19:57:41,231 - INFO - Epoch [386/5000], Train Loss: 19.7657, Val Loss: 187.0827
2024-08-25 19:57:41,244 - INFO - Epoch [387/5000], Train Loss: 22.8966, Val Loss: 180.1847
2024-08-25 19:57:41,258 - INFO - Epoch [388/5000], Train Loss: 17.2425, Val Loss: 177.4786
2024-08-25 19:57:41,267 - INFO - Epoch [389/5000], Train Loss: 18.4789, Val Loss: 174.6357
2024-08-25 19:57:41,295 - INFO - Epoch [390/5000], Train Loss: 20.9085, Val Loss: 176.3106
2024-08-25 19:57:41,307 - INFO - Epoch [391/5000], Train Loss: 24.9568, Val Loss: 182.5856
2024-08-25 19:57:41,316 - INFO - Epoch [392/5000], Train Loss: 20.5254, Val Loss: 186.6889
2024-08-25 19:57:41,330 - INFO - Epoch [393/5000], Train Loss: 15.7966, Val Loss: 187.8392
2024-08-25 19:57:41,343 - INFO - Epoch [394/5000], Train Loss: 25.8723, Val Loss: 185.9854
2024-08-25 19:57:41,356 - INFO - Epoch [395/5000], Train Loss: 21.5506, Val Loss: 182.7644
2024-08-25 19:57:41,365 - INFO - Epoch [396/5000], Train Loss: 27.5007, Val Loss: 179.6064
2024-08-25 19:57:41,378 - INFO - Epoch [397/5000], Train Loss: 17.5038, Val Loss: 179.6938
2024-08-25 19:57:41,392 - INFO - Epoch [398/5000], Train Loss: 22.3607, Val Loss: 182.3668
2024-08-25 19:57:41,406 - INFO - Epoch [399/5000], Train Loss: 17.5849, Val Loss: 187.5611
2024-08-25 19:57:41,414 - INFO - Epoch [400/5000], Train Loss: 17.1485, Val Loss: 189.7083
2024-08-25 19:57:41,428 - INFO - Epoch [401/5000], Train Loss: 13.4741, Val Loss: 191.5120
2024-08-25 19:57:41,445 - INFO - Epoch [402/5000], Train Loss: 16.7520, Val Loss: 192.1363
2024-08-25 19:57:41,459 - INFO - Epoch [403/5000], Train Loss: 17.6160, Val Loss: 190.3190
2024-08-25 19:57:41,468 - INFO - Epoch [404/5000], Train Loss: 23.5267, Val Loss: 188.7007
2024-08-25 19:57:41,481 - INFO - Epoch [405/5000], Train Loss: 16.9987, Val Loss: 186.8734
2024-08-25 19:57:41,495 - INFO - Epoch [406/5000], Train Loss: 15.2772, Val Loss: 184.1369
2024-08-25 19:57:41,509 - INFO - Epoch [407/5000], Train Loss: 23.9542, Val Loss: 182.8893
2024-08-25 19:57:41,519 - INFO - Epoch [408/5000], Train Loss: 17.7624, Val Loss: 184.3414
2024-08-25 19:57:41,532 - INFO - Epoch [409/5000], Train Loss: 16.5787, Val Loss: 189.5158
2024-08-25 19:57:41,545 - INFO - Epoch [410/5000], Train Loss: 20.6509, Val Loss: 194.1907
2024-08-25 19:57:41,560 - INFO - Epoch [411/5000], Train Loss: 16.7728, Val Loss: 196.2938
2024-08-25 19:57:41,574 - INFO - Epoch [412/5000], Train Loss: 23.3952, Val Loss: 194.8853
2024-08-25 19:57:41,583 - INFO - Epoch [413/5000], Train Loss: 12.8650, Val Loss: 186.6605
2024-08-25 19:57:41,597 - INFO - Epoch [414/5000], Train Loss: 21.1474, Val Loss: 181.7744
2024-08-25 19:57:41,609 - INFO - Epoch [415/5000], Train Loss: 12.6515, Val Loss: 183.4064
2024-08-25 19:57:41,625 - INFO - Epoch [416/5000], Train Loss: 14.1661, Val Loss: 184.5901
2024-08-25 19:57:41,633 - INFO - Epoch [417/5000], Train Loss: 16.2806, Val Loss: 184.5408
2024-08-25 19:57:41,647 - INFO - Epoch [418/5000], Train Loss: 16.3289, Val Loss: 183.2776
2024-08-25 19:57:41,661 - INFO - Epoch [419/5000], Train Loss: 13.1557, Val Loss: 181.2462
2024-08-25 19:57:41,675 - INFO - Epoch [420/5000], Train Loss: 15.4721, Val Loss: 179.0895
2024-08-25 19:57:41,691 - INFO - Epoch [421/5000], Train Loss: 12.6141, Val Loss: 179.8536
2024-08-25 19:57:41,700 - INFO - Epoch [422/5000], Train Loss: 17.6155, Val Loss: 183.6842
2024-08-25 19:57:41,714 - INFO - Epoch [423/5000], Train Loss: 20.6914, Val Loss: 189.5358
2024-08-25 19:57:41,727 - INFO - Epoch [424/5000], Train Loss: 22.2263, Val Loss: 188.5227
2024-08-25 19:57:41,741 - INFO - Epoch [425/5000], Train Loss: 16.5225, Val Loss: 181.7855
2024-08-25 19:57:41,750 - INFO - Epoch [426/5000], Train Loss: 15.8011, Val Loss: 177.2792
2024-08-25 19:57:41,764 - INFO - Epoch [427/5000], Train Loss: 18.1068, Val Loss: 176.6082
2024-08-25 19:57:41,778 - INFO - Epoch [428/5000], Train Loss: 12.0522, Val Loss: 176.9879
2024-08-25 19:57:41,791 - INFO - Epoch [429/5000], Train Loss: 15.2360, Val Loss: 178.2801
2024-08-25 19:57:41,800 - INFO - Epoch [430/5000], Train Loss: 17.1252, Val Loss: 179.1107
2024-08-25 19:57:41,976 - INFO - Epoch [431/5000], Train Loss: 13.8009, Val Loss: 180.6929
2024-08-25 19:57:41,984 - INFO - Epoch [432/5000], Train Loss: 19.8282, Val Loss: 185.1907
2024-08-25 19:57:41,997 - INFO - Epoch [433/5000], Train Loss: 22.6008, Val Loss: 186.4072
2024-08-25 19:57:42,012 - INFO - Epoch [434/5000], Train Loss: 21.1705, Val Loss: 181.4291
2024-08-25 19:57:42,026 - INFO - Epoch [435/5000], Train Loss: 17.5201, Val Loss: 178.9948
2024-08-25 19:57:42,039 - INFO - Epoch [436/5000], Train Loss: 16.4629, Val Loss: 182.2173
2024-08-25 19:57:42,048 - INFO - Epoch [437/5000], Train Loss: 20.6622, Val Loss: 183.8327
2024-08-25 19:57:42,062 - INFO - Epoch [438/5000], Train Loss: 14.8684, Val Loss: 182.9384
2024-08-25 19:57:42,076 - INFO - Epoch [439/5000], Train Loss: 16.4006, Val Loss: 181.3115
2024-08-25 19:57:42,076 - INFO - Early stopping at epoch 439
2024-08-25 19:57:42,079 - INFO - Training complete. Best model saved to data/03_models/distanceNN/best_model_MSE.pt
2024-08-25 19:57:42,079 - INFO - Training and validation losses saved to data/03_models/distanceNN/trn_val_loss.npz
2024-08-25 19:57:42,079 - INFO - Plotting training and validation losses...
2024-08-25 19:57:42,322 - INFO - Plot saved successfully to results/distanceNN/01_Train_val_loss_plot.jpeg.
2024-08-25 19:57:42,322 - INFO - Evaluating the model on the test set...
2024-08-25 19:57:42,339 - INFO - Test set Loss: 135.8470
2024-08-25 19:57:42,340 - INFO - Test results saved to data/03_models/distanceNN/pred_test_set.npz
2024-08-25 19:57:42,341 - INFO - Plotting evaluation results...
2024-08-25 19:57:42,692 - INFO - Plot saved successfully to results/distanceNN/02_Evaluation_plot.jpeg.
2024-08-25 19:57:42,692 - INFO - Plotting mean percentage error in different distance ranges...
2024-08-25 19:57:42,820 - INFO - Plot saved successfully to results/distanceNN/03_Evaluation_plot_with_range.jpeg.
2024-08-25 19:57:42,820 - INFO - Pipeline execution finished.
